
[Errno 2] File b'csv_files/1429_1.csv' does not exist: b'csv_files/1429_1.csv'
###################################################################################################

[Errno 2] File b'csv_files/1429_1.csv' does not exist: b'csv_files/1429_1.csv'
###################################################################################################

[Errno 2] File b'csv_files/Datafiniti_Amazon_Consumer_Reviews_of_Amazon_Products.csv' does not exist: b'csv_files/Datafiniti_Amazon_Consumer_Reviews_of_Amazon_Products.csv'
###################################################################################################

[Errno 2] File b'csv_files/Datafiniti_Amazon_Consumer_Reviews_of_Amazon_Products_May19.csv' does not exist: b'csv_files/Datafiniti_Amazon_Consumer_Reviews_of_Amazon_Products_May19.csv'
###################################################################################################

[Errno 2] File b'../csv_files/1429_1.csv' does not exist: b'../csv_files/1429_1.csv'
###################################################################################################

[Errno 2] File b'../csv_files/1429_1.csv' does not exist: b'../csv_files/1429_1.csv'
###################################################################################################

[Errno 2] File b'../csv_files/1429_1.csv' does not exist: b'../csv_files/1429_1.csv'
###################################################################################################

[Errno 2] File b'../csv_files/Datafiniti_Amazon_Consumer_Reviews_of_Amazon_Products.csv' does not exist: b'../csv_files/Datafiniti_Amazon_Consumer_Reviews_of_Amazon_Products.csv'
###################################################################################################

[Errno 2] File b'../csv_files/Datafiniti_Amazon_Consumer_Reviews_of_Amazon_Products_May19.csv' does not exist: b'../csv_files/Datafiniti_Amazon_Consumer_Reviews_of_Amazon_Products_May19.csv'
###################################################################################################

[Errno 2] File b'../csv_files/1429_1.csv' does not exist: b'../csv_files/1429_1.csv'
###################################################################################################

[Errno 2] File b'../csv_files/Datafiniti_Amazon_Consumer_Reviews_of_Amazon_Products.csv' does not exist: b'../csv_files/Datafiniti_Amazon_Consumer_Reviews_of_Amazon_Products.csv'
###################################################################################################

[Errno 2] File b'../csv_files/Datafiniti_Amazon_Consumer_Reviews_of_Amazon_Products_May19.csv' does not exist: b'../csv_files/Datafiniti_Amazon_Consumer_Reviews_of_Amazon_Products_May19.csv'
###################################################################################################

[Errno 2] File b'../csv_files/1429_1.csv' does not exist: b'../csv_files/1429_1.csv'
###################################################################################################

[Errno 2] File b'../csv_files/Datafiniti_Amazon_Consumer_Reviews_of_Amazon_Products.csv' does not exist: b'../csv_files/Datafiniti_Amazon_Consumer_Reviews_of_Amazon_Products.csv'
###################################################################################################

[Errno 2] File b'../csv_files/Datafiniti_Amazon_Consumer_Reviews_of_Amazon_Products_May19.csv' does not exist: b'../csv_files/Datafiniti_Amazon_Consumer_Reviews_of_Amazon_Products_May19.csv'
###################################################################################################
