This error related to function one_product_reviews of Souq_scrapping_multithreading file
Message: Unable to locate element: a.show-more-result

###################################################################################################
This error related to function one_product_reviews of Souq_scrapping_multithreading file
Message: Unable to locate element: a.show-more-result

###################################################################################################
This error related to function one_product_reviews of Souq_scrapping_multithreading file
Message: Unable to locate element: a.show-more-result

###################################################################################################
This error related to function one_product_reviews of Souq_scrapping_multithreading file
Message: Unable to locate element: a.show-more-result

###################################################################################################
This error related to function one_product_reviews of Souq_scrapping_multithreading file
Message: Unable to locate element: a.show-more-result

###################################################################################################
This error related to function one_product_reviews of Souq_scrapping_multithreading file
Message: Unable to locate element: a.show-more-result

###################################################################################################
This error related to function one_product_reviews of Souq_scrapping_multithreading file
Message: Unable to locate element: a.show-more-result

###################################################################################################
This error related to function one_product_reviews of Souq_scrapping_multithreading file
Message: Unable to locate element: a.show-more-result

###################################################################################################
This error related to function one_product_reviews of Souq_scrapping_multithreading file
Message: Element <a id="showMoreResult" class="text-center show-more-result disabled loading" href="javascript:;"> is not clickable at point (644,611) because another element <div class="review list"> obscures it

###################################################################################################
This error related to function one_product_reviews of Souq_scrapping_multithreading file
Message: Reached error page: about:neterror?e=dnsNotFound&u=https%3A//egypt.souq.com/eg-ar/%25D9%2587%25D9%2588%25D8%25A7%25D9%2588%25D9%258A-y5-%25D9%2584%25D8%25A7%25D9%258A%25D8%25AA-%25D8%25A8%25D8%25B4%25D8%25B1%25D9%258A%25D8%25AD%25D8%25AA%25D9%258A-%25D8%25A7%25D8%25AA%25D8%25B5%25D8%25A7%25D9%2584-16-%25D8%25AC%25D9%258A%25D8%25AC%25D8%25A7-1-%25D8%25AC%25D9%258A%25D8%25AC%25D8%25A7-%25D8%25B1%25D8%25A7%25D9%2585-%25D8%25A7%25D9%2584%25D8%25AC%25D9%258A%25D9%2584-%25D8%25A7%25D9%2584%25D8%25B1%25D8%25A7%25D8%25A8%25D8%25B9-%25D8%25A7%25D9%2584-%25D8%25AA%25D9%258A-%25D8%25A7%25D9%258A-%25D8%25A7%25D8%25B3%25D9%2588%25D8%25AF-41003951/i/&c=UTF-8&f=regular&d=We%20can%E2%80%99t%20connect%20to%20the%20server%20at%20egypt.souq.com.

###################################################################################################
This error related to function one_product_reviews of Souq_scrapping_multithreading file
Message: Unable to locate element: a.show-more-result

###################################################################################################
This error related to function one_product_reviews of Souq_scrapping_multithreading file
Message: Element <a id="showMoreResult" class="text-center show-more-result disabled loading" href="javascript:;"> is not clickable at point (644,611) because another element <div class="review list"> obscures it

###################################################################################################
This error related to function one_product_reviews of Souq_scrapping_multithreading file
Message: Unable to locate element: a.show-more-result

###################################################################################################
This error related to function one_product_reviews of Souq_scrapping_multithreading file
Message: Failed to decode response from marionette

###################################################################################################
This error related to function one_product_reviews of Souq_scrapping_multithreading file
Message: Failed to decode response from marionette

###################################################################################################
This error related to function one_product_reviews of Souq_scrapping_multithreading file
Message: Failed to decode response from marionette

###################################################################################################
This error related to function one_product_reviews of Souq_scrapping_multithreading file
Message: Unable to locate element: a.show-more-result

###################################################################################################
